Determining if the pthread_create exist failed with the following output:
Change Dir: /home/arr/Desktop/NOKIA/PARO/Lab3/build/CMakeFiles/CMakeTmp

Run Build Command:"/usr/bin/make" "cmTC_2500d/fast"
/usr/bin/make -f CMakeFiles/cmTC_2500d.dir/build.make CMakeFiles/cmTC_2500d.dir/build
make[1]: Entering directory '/home/arr/Desktop/NOKIA/PARO/Lab3/build/CMakeFiles/CMakeTmp'
Building C object CMakeFiles/cmTC_2500d.dir/CheckSymbolExists.c.o
/usr/bin/cc     -o CMakeFiles/cmTC_2500d.dir/CheckSymbolExists.c.o   -c /home/arr/Desktop/NOKIA/PARO/Lab3/build/CMakeFiles/CMakeTmp/CheckSymbolExists.c
Linking C executable cmTC_2500d
/usr/bin/cmake -E cmake_link_script CMakeFiles/cmTC_2500d.dir/link.txt --verbose=1
/usr/bin/cc       CMakeFiles/cmTC_2500d.dir/CheckSymbolExists.c.o  -o cmTC_2500d -rdynamic 
CMakeFiles/cmTC_2500d.dir/CheckSymbolExists.c.o: In function `main':
CheckSymbolExists.c:(.text+0x16): undefined reference to `pthread_create'
collect2: error: ld returned 1 exit status
CMakeFiles/cmTC_2500d.dir/build.make:97: recipe for target 'cmTC_2500d' failed
make[1]: *** [cmTC_2500d] Error 1
make[1]: Leaving directory '/home/arr/Desktop/NOKIA/PARO/Lab3/build/CMakeFiles/CMakeTmp'
Makefile:126: recipe for target 'cmTC_2500d/fast' failed
make: *** [cmTC_2500d/fast] Error 2

File /home/arr/Desktop/NOKIA/PARO/Lab3/build/CMakeFiles/CMakeTmp/CheckSymbolExists.c:
/* */
#include <pthread.h>

int main(int argc, char** argv)
{
  (void)argv;
#ifndef pthread_create
  return ((int*)(&pthread_create))[argc];
#else
  (void)argc;
  return 0;
#endif
}

Determining if the function pthread_create exists in the pthreads failed with the following output:
Change Dir: /home/arr/Desktop/NOKIA/PARO/Lab3/build/CMakeFiles/CMakeTmp

Run Build Command:"/usr/bin/make" "cmTC_f9554/fast"
/usr/bin/make -f CMakeFiles/cmTC_f9554.dir/build.make CMakeFiles/cmTC_f9554.dir/build
make[1]: Entering directory '/home/arr/Desktop/NOKIA/PARO/Lab3/build/CMakeFiles/CMakeTmp'
Building C object CMakeFiles/cmTC_f9554.dir/CheckFunctionExists.c.o
/usr/bin/cc    -DCHECK_FUNCTION_EXISTS=pthread_create   -o CMakeFiles/cmTC_f9554.dir/CheckFunctionExists.c.o   -c /usr/share/cmake-3.5/Modules/CheckFunctionExists.c
Linking C executable cmTC_f9554
/usr/bin/cmake -E cmake_link_script CMakeFiles/cmTC_f9554.dir/link.txt --verbose=1
/usr/bin/cc   -DCHECK_FUNCTION_EXISTS=pthread_create    CMakeFiles/cmTC_f9554.dir/CheckFunctionExists.c.o  -o cmTC_f9554 -rdynamic -lpthreads 
/usr/bin/ld: cannot find -lpthreads
collect2: error: ld returned 1 exit status
CMakeFiles/cmTC_f9554.dir/build.make:97: recipe for target 'cmTC_f9554' failed
make[1]: *** [cmTC_f9554] Error 1
make[1]: Leaving directory '/home/arr/Desktop/NOKIA/PARO/Lab3/build/CMakeFiles/CMakeTmp'
Makefile:126: recipe for target 'cmTC_f9554/fast' failed
make: *** [cmTC_f9554/fast] Error 2


